batch_i 3 loss 5.120969772338867
batch_i 4 loss 5.111248016357422
batch_i 5 loss 5.046571731567383
batch_i 6 loss 4.769281387329102
batch_i 7 loss 4.503410816192627
batch_i 8 loss 4.4081034660339355
batch_i 9 loss 4.647188186645508
batch_i 10 loss 4.426990985870361
batch_i 11 loss 4.453128337860107
batch_i 12 loss 4.4504594802856445
batch_i 13 loss 4.385251522064209
batch_i 14 loss 4.340015888214111
batch_i 15 loss 4.265110015869141
batch_i 16 loss 4.194289207458496
batch_i 17 loss 4.224916458129883
batch_i 18 loss 4.197152137756348
batch_i 19 loss 4.159111022949219
batch_i 20 loss 4.166502952575684
batch_i 21 loss 4.078024864196777
batch_i 22 loss 4.083414077758789
batch_i 23 loss 4.190073490142822
batch_i 24 loss 4.139640808105469
batch_i 25 loss 4.092395305633545
batch_i 26 loss 4.001176834106445
batch_i 27 loss 4.027311325073242
batch_i 28 loss 4.104834079742432
batch_i 29 loss 3.99250864982605
batch_i 30 loss 3.925980567932129
batch_i 31 loss 3.9984076023101807
batch_i 32 loss 4.056210517883301
batch_i 33 loss 4.016631603240967
batch_i 34 loss 3.974949359893799
batch_i 35 loss 3.925690174102783
batch_i 36 loss 3.958258867263794
batch_i 37 loss 4.005930423736572
batch_i 38 loss 4.009073734283447
batch_i 39 loss 3.978736400604248
batch_i 40 loss 3.960930824279785
batch_i 41 loss 3.919680118560791
batch_i 42 loss 3.872897148132324
batch_i 43 loss 3.894669771194458
batch_i 44 loss 3.9391262531280518
batch_i 45 loss 3.900575876235962
batch_i 46 loss 3.8768362998962402
batch_i 47 loss 3.9129202365875244
batch_i 48 loss 3.875899314880371
batch_i 49 loss 3.77715802192688
batch_i 50 loss 3.8612937927246094
batch_i 50 num_playouts 1000 win 0 lose 10 tie 0
batch_i 51 loss 3.8262033462524414
batch_i 52 loss 3.841639995574951
batch_i 53 loss 3.757192611694336
batch_i 54 loss 3.826615810394287
batch_i 55 loss 3.744788408279419
batch_i 56 loss 3.7664971351623535
batch_i 57 loss 3.8400564193725586
batch_i 58 loss 3.7532315254211426
batch_i 59 loss 3.671020984649658
batch_i 60 loss 3.6779325008392334
batch_i 61 loss 3.686577081680298
batch_i 62 loss 3.6684372425079346
batch_i 63 loss 3.7069568634033203
batch_i 64 loss 3.6856682300567627
batch_i 65 loss 3.7208211421966553
batch_i 66 loss 3.647588014602661
batch_i 67 loss 3.624486207962036
batch_i 68 loss 3.5886662006378174
batch_i 69 loss 3.606679677963257
batch_i 70 loss 3.6863412857055664
batch_i 71 loss 3.621384620666504
batch_i 72 loss 3.6369574069976807
batch_i 73 loss 3.656402826309204
batch_i 74 loss 3.5720837116241455
batch_i 75 loss 3.6104304790496826
batch_i 76 loss 3.5618393421173096
batch_i 77 loss 3.590034008026123
batch_i 78 loss 3.571906089782715
batch_i 79 loss 3.4873743057250977
batch_i 80 loss 3.525723457336426
batch_i 81 loss 3.5151870250701904
batch_i 82 loss 3.5151681900024414
batch_i 83 loss 3.5225844383239746
batch_i 84 loss 3.5182933807373047
batch_i 85 loss 3.537421464920044
batch_i 86 loss 3.4586782455444336
batch_i 87 loss 3.541295289993286
batch_i 88 loss 3.5227625370025635
batch_i 89 loss 3.3471031188964844
batch_i 90 loss 3.428588628768921
batch_i 91 loss 3.4530727863311768
batch_i 92 loss 3.441250801086426
batch_i 93 loss 3.432070732116699
batch_i 94 loss 3.4299843311309814
batch_i 95 loss 3.4259591102600098
batch_i 96 loss 3.4283499717712402
batch_i 97 loss 3.4515178203582764
batch_i 98 loss 3.4234845638275146
batch_i 99 loss 3.454045534133911
batch_i 100 loss 3.4479331970214844
batch_i 100 num_playouts 1000 win 1 lose 9 tie 0
batch_i 101 loss 3.373687267303467
batch_i 102 loss 3.4090306758880615
batch_i 103 loss 3.4016120433807373
batch_i 104 loss 3.4078941345214844
batch_i 105 loss 3.508669137954712
batch_i 106 loss 3.4546542167663574
batch_i 107 loss 3.4846997261047363
batch_i 108 loss 3.4441795349121094
batch_i 109 loss 3.44547963142395
batch_i 110 loss 3.33089280128479
batch_i 111 loss 3.3542943000793457
batch_i 112 loss 3.292095184326172
batch_i 113 loss 3.279719591140747
batch_i 114 loss 3.2820398807525635
batch_i 115 loss 3.3050808906555176
batch_i 116 loss 3.2873992919921875
batch_i 117 loss 3.302164077758789
batch_i 118 loss 3.294724941253662
batch_i 119 loss 3.3245437145233154
batch_i 120 loss 3.3810832500457764
batch_i 121 loss 3.2828991413116455
batch_i 122 loss 3.410615921020508
batch_i 123 loss 3.3433005809783936
batch_i 124 loss 3.3242342472076416
batch_i 125 loss 3.304664134979248
batch_i 126 loss 3.2692625522613525
batch_i 127 loss 3.290067672729492
batch_i 128 loss 3.2518603801727295
batch_i 129 loss 3.2535696029663086
batch_i 130 loss 3.33805251121521
batch_i 131 loss 3.3282461166381836
batch_i 132 loss 3.37369966506958
batch_i 133 loss 3.3370344638824463
batch_i 134 loss 3.3675284385681152
batch_i 135 loss 3.4181013107299805
batch_i 136 loss 3.3530349731445312
batch_i 137 loss 3.2953829765319824
batch_i 138 loss 3.3175816535949707
batch_i 139 loss 3.2933363914489746
batch_i 140 loss 3.2526469230651855
batch_i 141 loss 3.252718925476074
batch_i 142 loss 3.2241039276123047
batch_i 143 loss 3.221855401992798
batch_i 144 loss 3.241028070449829
batch_i 145 loss 3.214355945587158
batch_i 146 loss 3.1542775630950928
batch_i 147 loss 3.1966471672058105
batch_i 148 loss 3.181746482849121
batch_i 149 loss 3.1954450607299805
batch_i 150 loss 3.1364247798919678
batch_i 150 num_playouts 1000 win 4 lose 6 tie 0
